<?xml version="1.0" encoding="UTF-8"?>
<!-- Generated by org.testng.reporters.JUnitXMLReporter -->
<testsuite ignored="5" hostname="DESKTOP-FELOP08" failures="0" tests="1" name="Default test" time="60.979" errors="0" timestamp="2023-11-19T21:00:38 IST">
  <testcase classname="testCase.CreateclientTest" name="viewClient" time="6.811"/>
  <testcase classname="testCase.CreateclientTest" name="saveclientDetails" time="0.0">
    <ignored/>
  </testcase> <!-- saveclientDetails -->
  <testcase classname="testCase.CreateclientTest" name="clientandIdsearchButtonVerify" time="0.0">
    <ignored/>
  </testcase> <!-- clientandIdsearchButtonVerify -->
  <testcase classname="testCase.CreateclientTest" name="createClientpageAssert" time="0.0">
    <ignored/>
  </testcase> <!-- createClientpageAssert -->
  <testcase classname="testCase.CreateclientTest" name="deductionPage" time="0.0">
    <ignored/>
  </testcase> <!-- deductionPage -->
  <testcase classname="testCase.CreateclientTest" name="updateClient" time="0.0">
    <ignored/>
  </testcase> <!-- updateClient -->
</testsuite> <!-- Default test -->
