<?xml version="1.0" encoding="UTF-8"?>
<!-- Generated by org.testng.reporters.JUnitXMLReporter -->
<testsuite ignored="8" hostname="DESKTOP-FELOP08" failures="0" tests="1" name="Default test" time="15.569" errors="0" timestamp="2023-11-13T12:12:21 IST">
  <testcase classname="testCase.CreateclientTest" name="createClient" time="3.636"/>
  <testcase classname="testCase.CreateclientTest" name="updatingFeatures" time="0.0">
    <ignored/>
  </testcase> <!-- updatingFeatures -->
  <testcase classname="testCase.CreateclientTest" name="clientDetails" time="0.0">
    <ignored/>
  </testcase> <!-- clientDetails -->
  <testcase classname="testCase.CreateclientTest" name="deductionPage" time="0.0">
    <ignored/>
  </testcase> <!-- deductionPage -->
  <testcase classname="testCase.CreateclientTest" name="updateClient" time="0.0">
    <ignored/>
  </testcase> <!-- updateClient -->
  <testcase classname="testCase.CreateclientTest" name="createClientpageAssert" time="0.0">
    <ignored/>
  </testcase> <!-- createClientpageAssert -->
  <testcase classname="testCase.CreateclientTest" name="withoutSearch" time="0.0">
    <ignored/>
  </testcase> <!-- withoutSearch -->
  <testcase classname="testCase.CreateclientTest" name="clientpageAssert" time="0.0">
    <ignored/>
  </testcase> <!-- clientpageAssert -->
  <testcase classname="testCase.CreateclientTest" name="viewClient" time="0.0">
    <ignored/>
  </testcase> <!-- viewClient -->
</testsuite> <!-- Default test -->
