<?xml version="1.0" encoding="UTF-8"?>
<!-- Generated by org.testng.reporters.JUnitXMLReporter -->
<testsuite ignored="0" hostname="DESKTOP-FELOP08" failures="0" tests="23" name="Chrome test" time="406.873" errors="0" timestamp="2023-11-17T02:26:25 IST">
  <testcase classname="testCase.CrossbrowserTest" name="CrossTest" time="24.974"/>
  <testcase classname="testCase.CreateclientTest" name="clientandIdsearchButtonVerify" time="15.636"/>
  <testcase classname="testCase.CreateclientTest" name="clientandIdsearchButtonVerify" time="7.286"/>
  <testcase classname="testCase.CreateclientTest" name="createClientpageAssert" time="4.774"/>
  <testcase classname="testCase.LoginPageTest" name="loginPage" time="2.55"/>
  <testcase classname="testCase.TimesheetTest" name="pdfAttachinDeduction" time="6.182"/>
  <testcase classname="testCase.BaseClass" name="testBasic" time="0.006"/>
  <testcase classname="testCase.BaseClass" name="testBasic" time="0.002"/>
  <testcase classname="testCase.BaseClass" name="testBasic" time="0.0"/>
  <testcase classname="testCase.LoginPageTest" name="verifyValid" time="1.843"/>
  <testcase classname="testCase.LoginPageTest" name="verifyValid" time="1.16"/>
  <testcase classname="testCase.LoginPageTest" name="verifyValid" time="1.449"/>
  <testcase classname="testCase.TimesheetTest" name="pendingTimesheetTableverifying" time="10.697"/>
  <testcase classname="testCase.TimesheetTest" name="acceptgenerateInvoiceAlert" time="9.24"/>
  <testcase classname="testCase.TimesheetTest" name="cancelgenerateInvoiceAlert" time="3.77"/>
  <testcase classname="testCase.TimesheetTest" name="uploadFileTimesheet" time="7.615"/>
  <testcase classname="testCase.TimesheetTest" name="validatingHighestpaidDeduction" time="8.158"/>
  <testcase classname="testCase.TimesheetTest" name="timesheetPageTitleCheck" time="3.881"/>
  <testcase classname="testCase.CreateclientTest" name="clientpageAssert" time="3.632"/>
  <testcase classname="testCase.CreateclientTest" name="saveclientDetails" time="10.594"/>
  <testcase classname="testCase.CreateclientTest" name="updateClient" time="4.791"/>
  <testcase classname="testCase.CreateclientTest" name="viewClient" time="4.3"/>
  <testcase classname="testCase.CreateclientTest" name="deductionPage" time="5.099"/>
</testsuite> <!-- Chrome test -->
