<?xml version="1.0" encoding="UTF-8"?>
<testng-results ignored="0" total="2" passed="2" failed="0" skipped="0">
  <reporter-output>
  </reporter-output>
  <suite started-at="2023-11-19T21:04:34 IST" name="PayrollProject" finished-at="2023-11-19T21:07:39 IST" duration-ms="184648">
    <groups>
    </groups>
    <test started-at="2023-11-19T21:04:34 IST" name="firefox test" finished-at="2023-11-19T21:07:22 IST" duration-ms="168121">
      <class name="testCase.CrossbrowserTest">
        <test-method is-config="true" signature="CrossTest(java.lang.String)[pri:0, instance:testCase.CrossbrowserTest@7ef82753]" started-at="2023-11-19T21:04:34 IST" name="CrossTest" finished-at="2023-11-19T21:05:34 IST" duration-ms="59984" status="PASS">
          <params>
            <param index="0">
              <value>
                <![CDATA[firefox]]>
              </value>
            </param>
          </params>
          <reporter-output>
          </reporter-output>
        </test-method> <!-- CrossTest -->
        <test-method signature="CrossTest(java.lang.String)[pri:0, instance:testCase.CrossbrowserTest@7ef82753]" started-at="2023-11-19T21:05:34 IST" name="CrossTest" finished-at="2023-11-19T21:07:04 IST" duration-ms="89315" status="PASS">
          <params>
            <param index="0">
              <value>
                <![CDATA[firefox]]>
              </value>
            </param>
          </params>
          <reporter-output>
          </reporter-output>
        </test-method> <!-- CrossTest -->
        <test-method is-config="true" signature="afterMethod()[pri:0, instance:testCase.CrossbrowserTest@7ef82753]" started-at="2023-11-19T21:07:04 IST" name="afterMethod" finished-at="2023-11-19T21:07:22 IST" duration-ms="18369" status="PASS">
          <reporter-output>
          </reporter-output>
        </test-method> <!-- afterMethod -->
      </class> <!-- testCase.CrossbrowserTest -->
    </test> <!-- firefox test -->
    <test started-at="2023-11-19T21:04:34 IST" name="Chrome test" finished-at="2023-11-19T21:07:39 IST" duration-ms="184648">
      <class name="testCase.CrossbrowserTest">
        <test-method is-config="true" signature="CrossTest(java.lang.String)[pri:0, instance:testCase.CrossbrowserTest@b9b00e0]" started-at="2023-11-19T21:04:35 IST" name="CrossTest" finished-at="2023-11-19T21:06:27 IST" duration-ms="112330" status="PASS">
          <params>
            <param index="0">
              <value>
                <![CDATA[chrome]]>
              </value>
            </param>
          </params>
          <reporter-output>
          </reporter-output>
        </test-method> <!-- CrossTest -->
        <test-method signature="CrossTest(java.lang.String)[pri:0, instance:testCase.CrossbrowserTest@b9b00e0]" started-at="2023-11-19T21:06:27 IST" name="CrossTest" finished-at="2023-11-19T21:07:38 IST" duration-ms="71287" status="PASS">
          <params>
            <param index="0">
              <value>
                <![CDATA[chrome]]>
              </value>
            </param>
          </params>
          <reporter-output>
          </reporter-output>
        </test-method> <!-- CrossTest -->
        <test-method is-config="true" signature="afterMethod()[pri:0, instance:testCase.CrossbrowserTest@b9b00e0]" started-at="2023-11-19T21:07:38 IST" name="afterMethod" finished-at="2023-11-19T21:07:39 IST" duration-ms="376" status="PASS">
          <reporter-output>
          </reporter-output>
        </test-method> <!-- afterMethod -->
      </class> <!-- testCase.CrossbrowserTest -->
    </test> <!-- Chrome test -->
  </suite> <!-- PayrollProject -->
</testng-results>
